CATEGORY 2
initializing Minuit...
performing minimization...
W SimplexBuilder Simplex did not converge, edm > minedm
W VariableMetricBuilder No improvement in line search
W VariableMetricBuilder Edm is limited by Machine accuracy - return current minimum
W VariableMetricBuilder No convergence; Edm 254.118 is above tolerance 0.002
W SimplexBuilder Simplex did not converge, edm > minedm
W MnHesse 2nd derivative zero for parameter alpha_p1_m125 ; MnHesse fails and will return diagonal matrix
W VariableMetricBuilder No improvement in line search
W VariableMetricBuilder Iterations finish without convergence; Edm 2759.26 Requested 0.0002
W MnHesse 2nd derivative zero for parameter alpha_p1_m125 ; MnHesse fails and will return diagonal matrix
W VariableMetricBuilder Invalid Hessian - exit the minimization
W VariableMetricBuilder No convergence; Edm 689.816 is above tolerance 0.002
W MnHesse 2nd derivative zero for parameter alpha_p1_m125 ; MnHesse fails and will return diagonal matrix
W VariableMetricBuilder No improvement in line search
W VariableMetricBuilder Iterations finish without convergence; Edm 1678.67 Requested 0.0002
W MnHesse 2nd derivative zero for parameter alpha_p1_m125 ; MnHesse fails and will return diagonal matrix
W VariableMetricBuilder Invalid Hessian - exit the minimization
W VariableMetricBuilder No convergence; Edm 669.292 is above tolerance 0.002
W MnHesse 2nd derivative zero for parameter alpha_p1_m125 ; MnHesse fails and will return diagonal matrix
W VariableMetricBuilder No improvement in line search
W VariableMetricBuilder Iterations finish without convergence; Edm 5563.88 Requested 0.0002
W MnHesse 2nd derivative zero for parameter alpha_p1_m125 ; MnHesse fails and will return diagonal matrix
W VariableMetricBuilder Invalid Hessian - exit the minimization
W VariableMetricBuilder No convergence; Edm 1390.97 is above tolerance 0.002
W MnHesse 2nd derivative zero for parameter alpha_p1_m125 ; MnHesse fails and will return diagonal matrix
W VariableMetricBuilder No improvement in line search
W VariableMetricBuilder Iterations finish without convergence; Edm 5383.32 Requested 0.0002
W MnHesse 2nd derivative zero for parameter alpha_p1_m125 ; MnHesse fails and will return diagonal matrix
W VariableMetricBuilder Invalid Hessian - exit the minimization
W VariableMetricBuilder No convergence; Edm 2153.16 is above tolerance 0.002
W VariableMetricBuilder No improvement in line search
W VariableMetricBuilder Iterations finish without convergence; Edm 693.918 Requested 0.0002
W MnHesse 2nd derivative zero for parameter alpha_p1_m125 ; MnHesse fails and will return diagonal matrix
W VariableMetricBuilder Invalid Hessian - exit the minimization
W VariableMetricBuilder No convergence; Edm 277.541 is above tolerance 0.002
W MnHesse 2nd derivative zero for parameter alpha_p1_m125 ; MnHesse fails and will return diagonal matrix
W VariableMetricBuilder No improvement in line search
W VariableMetricBuilder Iterations finish without convergence; Edm 944.601 Requested 0.0002
W MnHesse 2nd derivative zero for parameter alpha_p1_m125 ; MnHesse fails and will return diagonal matrix
W VariableMetricBuilder Invalid Hessian - exit the minimization
W VariableMetricBuilder No convergence; Edm 236.15 is above tolerance 0.002
W MnHesse 2nd derivative zero for parameter alpha_p1_m125 ; MnHesse fails and will return diagonal matrix
W VariableMetricBuilder No improvement in line search
W VariableMetricBuilder Edm is limited by Machine accuracy - return current minimum
W MnHesse 2nd derivative zero for parameter alpha_p1_m125 ; MnHesse fails and will return diagonal matrix
W VariableMetricBuilder Invalid Hessian - exit the minimization
W VariableMetricBuilder No convergence; Edm 45.3911 is above tolerance 0.002
W MnHesse 2nd derivative zero for parameter alpha_p1_m125 ; MnHesse fails and will return diagonal matrix
W VariableMetricBuilder No improvement in line search
W VariableMetricBuilder Edm is limited by Machine accuracy - return current minimum
W MnHesse 2nd derivative zero for parameter alpha_p1_m125 ; MnHesse fails and will return diagonal matrix
W VariableMetricBuilder Invalid Hessian - exit the minimization
W VariableMetricBuilder No convergence; Edm 116.777 is above tolerance 0.002
W MnHesse 2nd derivative zero for parameter alpha_p1_m125 ; MnHesse fails and will return diagonal matrix
W VariableMetricBuilder No improvement in line search
W VariableMetricBuilder Edm is limited by Machine accuracy - return current minimum
W MnHesse 2nd derivative zero for parameter alpha_p1_m125 ; MnHesse fails and will return diagonal matrix
W VariableMetricBuilder Invalid Hessian - exit the minimization
W VariableMetricBuilder No convergence; Edm 48.6805 is above tolerance 0.002
Fitted parameters:
alpha_p0_m120 = -0.3341 ± 0.0000
alpha_p1_m120 = -0.0001 ± 0.0000
alpha_p0_m125 = -0.0655 ± 0.0000
alpha_p1_m125 = -0.0000 ± 0.0000
alpha_p0_m130 = -0.0000 ± 0.0000
alpha_p1_m130 = -0.0000 ± 0.0000
m_p0_m120 = 125.2142 ± 0.0000
m_p1_m120 = 0.0376 ± 0.0000
m_p0_m125 = 124.8721 ± 0.0000
m_p1_m125 = 0.0999 ± 0.0000
m_p0_m130 = 124.5288 ± 0.0000
m_p1_m130 = 0.0510 ± 0.0000
sigma_p0_m120 = 1.9987 ± 0.0000
sigma_p1_m120 = 0.4999 ± 0.0000
sigma_p0_m125 = 1.9983 ± 0.0000
sigma_p1_m125 = 0.4999 ± 0.0000
sigma_p0_m130 = 1.0997 ± 0.0000
sigma_p1_m130 = -0.0095 ± 0.0000
n1_p0_m120 = 49.9996 ± 0.0000
n1_p1_m120 = 1.4996 ± 0.0000
n1_p0_m125 = 49.9923 ± 0.0000
n1_p1_m125 = 1.4996 ± 0.0000
n1_p0_m130 = 0.8504 ± 0.0000
n1_p1_m130 = 0.0000 ± 0.0000
n2_p0_m120 = 49.9998 ± 0.0000
n2_p1_m120 = 1.5000 ± 0.0000
n2_p0_m125 = 49.9952 ± 0.0000
n2_p1_m125 = 1.4946 ± 0.0000
n2_p0_m130 = 49.9964 ± 0.0000
n2_p1_m130 = 1.4997 ± 0.0000
a1_p0_m120 = 19.9999 ± 0.0000
a1_p1_m120 = 1.4995 ± 0.0000
a1_p0_m125 = 19.9812 ± 0.0000
a1_p1_m125 = 1.4998 ± 0.0000
a1_p0_m130 = 19.9953 ± 0.0000
a1_p1_m130 = 1.4988 ± 0.0000
a2_p0_m120 = 49.9987 ± 0.0000
a2_p1_m120 = 1.4998 ± 0.0000
a2_p0_m125 = 49.9823 ± 0.0000
a2_p1_m125 = 1.4995 ± 0.0000
a2_p0_m130 = 49.9815 ± 0.0000
a2_p1_m130 = 1.5000 ± 0.0000
N_p0_m120 = 3.7234 ± 0.0000
N_p1_m120 = 0.0997 ± 0.0000
N_p0_m125 = 3.7240 ± 0.0000
N_p1_m125 = 0.0996 ± 0.0000
N_p0_m130 = 2.5336 ± 0.0000
N_p1_m130 = -0.0311 ± 0.0000
sigma_int_p0_m120[0] = 0.6757 ± 0.0000
sigma_int_p0_m120[1] = 0.7212 ± 0.0000
sigma_int_p0_m120[2] = 0.5009 ± 0.0000
sigma_int_p0_m120[3] = 1.5436 ± 0.0000
sigma_int_p0_m120[4] = 1.4264 ± 0.0000
sigma_int_p1_m120[0] = -0.0103 ± 0.0000
sigma_int_p1_m120[1] = -0.0001 ± 0.0000
sigma_int_p1_m120[2] = 0.0994 ± 0.0000
sigma_int_p1_m120[3] = 0.1041 ± 0.0000
sigma_int_p1_m120[4] = -0.0084 ± 0.0000
sigma_int_p0_m125[0] = 0.4503 ± 0.0000
sigma_int_p0_m125[1] = 0.4507 ± 0.0000
sigma_int_p0_m125[2] = 0.5481 ± 0.0000
sigma_int_p0_m125[3] = 0.4614 ± 0.0000
sigma_int_p0_m125[4] = 0.9759 ± 0.0000
sigma_int_p1_m125[0] = -0.0100 ± 0.0000
sigma_int_p1_m125[1] = 0.0698 ± 0.0000
sigma_int_p1_m125[2] = 0.0124 ± 0.0000
sigma_int_p1_m125[3] = 0.0590 ± 0.0000
sigma_int_p1_m125[4] = 0.0999 ± 0.0000
sigma_int_p0_m130[0] = 1.9997 ± 0.0000
sigma_int_p0_m130[1] = 2.0000 ± 0.0000
sigma_int_p0_m130[2] = 1.9999 ± 0.0000
sigma_int_p0_m130[3] = 1.9999 ± 0.0000
sigma_int_p0_m130[4] = 1.9985 ± 0.0000
sigma_int_p1_m130[0] = -0.0100 ± 0.0000
sigma_int_p1_m130[1] = 0.1099 ± 0.0000
sigma_int_p1_m130[2] = 0.0160 ± 0.0000
sigma_int_p1_m130[3] = 0.1000 ± 0.0000
sigma_int_p1_m130[4] = 0.0999 ± 0.0000
n1_int_p0_m120[0] = 49.9996 ± 0.0000
n1_int_p0_m120[1] = 49.9457 ± 0.0000
n1_int_p0_m120[2] = 49.9679 ± 0.0000
n1_int_p0_m120[3] = 49.7396 ± 0.0000
n1_int_p0_m120[4] = 49.8917 ± 0.0000
n1_int_p1_m120[0] = 1.4971 ± 0.0000
n1_int_p1_m120[1] = 1.6497 ± 0.0000
n1_int_p1_m120[2] = 1.4989 ± 0.0000
n1_int_p1_m120[3] = 1.4914 ± 0.0000
n1_int_p1_m120[4] = 1.4975 ± 0.0000
n1_int_p0_m125[0] = 49.9503 ± 0.0000
n1_int_p0_m125[1] = 49.9638 ± 0.0000
n1_int_p0_m125[2] = 49.9897 ± 0.0000
n1_int_p0_m125[3] = 49.9882 ± 0.0000
n1_int_p0_m125[4] = 49.9959 ± 0.0000
n1_int_p1_m125[0] = 1.4999 ± 0.0000
n1_int_p1_m125[1] = 1.6465 ± 0.0000
n1_int_p1_m125[2] = 1.4982 ± 0.0000
n1_int_p1_m125[3] = 1.4927 ± 0.0000
n1_int_p1_m125[4] = 1.4910 ± 0.0000
n1_int_p0_m130[0] = 0.4652 ± 0.0000
n1_int_p0_m130[1] = 0.4643 ± 0.0000
n1_int_p0_m130[2] = 2.9740 ± 0.0000
n1_int_p0_m130[3] = 1.4006 ± 0.0000
n1_int_p0_m130[4] = 1.4587 ± 0.0000
n1_int_p1_m130[0] = -0.6096 ± 0.0000
n1_int_p1_m130[1] = -0.5800 ± 0.0000
n1_int_p1_m130[2] = -1.2360 ± 0.0000
n1_int_p1_m130[3] = -0.2964 ± 0.0000
n1_int_p1_m130[4] = 0.0406 ± 0.0000
n2_int_p0_m120[0] = 0.4593 ± 0.0000
n2_int_p0_m120[1] = 0.4592 ± 0.0000
n2_int_p0_m120[2] = 0.5137 ± 0.0000
n2_int_p0_m120[3] = 0.4593 ± 0.0000
n2_int_p0_m120[4] = 198.3875 ± 0.0000
n2_int_p1_m120[0] = 1.4997 ± 0.0000
n2_int_p1_m120[1] = 1.5000 ± 0.0000
n2_int_p1_m120[2] = 1.5000 ± 0.0000
n2_int_p1_m120[3] = 1.4982 ± 0.0000
n2_int_p1_m120[4] = 1.0217 ± 0.0000
n2_int_p0_m125[0] = 1979.3518 ± 0.0000
n2_int_p0_m125[1] = 1991.5237 ± 0.0000
n2_int_p0_m125[2] = 1983.9695 ± 0.0000
n2_int_p0_m125[3] = 1995.6149 ± 0.0000
n2_int_p0_m125[4] = 2000.9938 ± 0.0000
n2_int_p1_m125[0] = 1.4914 ± 0.0000
n2_int_p1_m125[1] = 1.4936 ± 0.0000
n2_int_p1_m125[2] = 1.4986 ± 0.0000
n2_int_p1_m125[3] = 1.4983 ± 0.0000
n2_int_p1_m125[4] = 1.4987 ± 0.0000
n2_int_p0_m130[0] = 199.5947 ± 0.0000
n2_int_p0_m130[1] = 199.9422 ± 0.0000
n2_int_p0_m130[2] = 199.9790 ± 0.0000
n2_int_p0_m130[3] = 200.0000 ± 0.0000
n2_int_p0_m130[4] = 199.8643 ± 0.0000
n2_int_p1_m130[0] = 1.5000 ± 0.0000
n2_int_p1_m130[1] = 1.5000 ± 0.0000
n2_int_p1_m130[2] = 1.4624 ± 0.0000
n2_int_p1_m130[3] = 1.4998 ± 0.0000
n2_int_p1_m130[4] = 1.4999 ± 0.0000
a1_int_p0_m120[0] = 19.9908 ± 0.0000
a1_int_p0_m120[1] = 19.5391 ± 0.0000
a1_int_p0_m120[2] = 19.9960 ± 0.0000
a1_int_p0_m120[3] = 19.9754 ± 0.0000
a1_int_p0_m120[4] = 19.9465 ± 0.0000
a1_int_p1_m120[0] = 1.4962 ± 0.0000
a1_int_p1_m120[1] = 1.4968 ± 0.0000
a1_int_p1_m120[2] = 1.4949 ± 0.0000
a1_int_p1_m120[3] = 1.4989 ± 0.0000
a1_int_p1_m120[4] = 1.4977 ± 0.0000
a1_int_p0_m125[0] = 19.9964 ± 0.0000
a1_int_p0_m125[1] = 19.9982 ± 0.0000
a1_int_p0_m125[2] = 19.9964 ± 0.0000
a1_int_p0_m125[3] = 19.9979 ± 0.0000
a1_int_p0_m125[4] = 19.9989 ± 0.0000
a1_int_p1_m125[0] = 1.4993 ± 0.0000
a1_int_p1_m125[1] = 1.4994 ± 0.0000
a1_int_p1_m125[2] = 1.4972 ± 0.0000
a1_int_p1_m125[3] = 1.4971 ± 0.0000
a1_int_p1_m125[4] = 1.4967 ± 0.0000
a1_int_p0_m130[0] = 19.9480 ± 0.0000
a1_int_p0_m130[1] = 19.9781 ± 0.0000
a1_int_p0_m130[2] = 19.9106 ± 0.0000
a1_int_p0_m130[3] = 19.9537 ± 0.0000
a1_int_p0_m130[4] = 19.9247 ± 0.0000
a1_int_p1_m130[0] = 1.4963 ± 0.0000
a1_int_p1_m130[1] = 1.4994 ± 0.0000
a1_int_p1_m130[2] = 1.4937 ± 0.0000
a1_int_p1_m130[3] = 1.5000 ± 0.0000
a1_int_p1_m130[4] = 1.4860 ± 0.0000
a2_int_p0_m120[0] = 49.4550 ± 0.0000
a2_int_p0_m120[1] = 49.6914 ± 0.0000
a2_int_p0_m120[2] = 49.9360 ± 0.0000
a2_int_p0_m120[3] = 49.7677 ± 0.0000
a2_int_p0_m120[4] = 49.9856 ± 0.0000
a2_int_p1_m120[0] = 1.5000 ± 0.0000
a2_int_p1_m120[1] = 1.4994 ± 0.0000
a2_int_p1_m120[2] = 1.4999 ± 0.0000
a2_int_p1_m120[3] = 1.5000 ± 0.0000
a2_int_p1_m120[4] = 1.4995 ± 0.0000
a2_int_p0_m125[0] = 49.9802 ± 0.0000
a2_int_p0_m125[1] = 49.9893 ± 0.0000
a2_int_p0_m125[2] = 49.9774 ± 0.0000
a2_int_p0_m125[3] = 49.9914 ± 0.0000
a2_int_p0_m125[4] = 49.8796 ± 0.0000
a2_int_p1_m125[0] = 1.4978 ± 0.0000
a2_int_p1_m125[1] = 1.4996 ± 0.0000
a2_int_p1_m125[2] = 1.4982 ± 0.0000
a2_int_p1_m125[3] = 1.5000 ± 0.0000
a2_int_p1_m125[4] = 1.5000 ± 0.0000
a2_int_p0_m130[0] = 49.9997 ± 0.0000
a2_int_p0_m130[1] = 49.9936 ± 0.0000
a2_int_p0_m130[2] = 49.9962 ± 0.0000
a2_int_p0_m130[3] = 49.9980 ± 0.0000
a2_int_p0_m130[4] = 49.9184 ± 0.0000
a2_int_p1_m130[0] = 1.4958 ± 0.0000
a2_int_p1_m130[1] = 1.4987 ± 0.0000
a2_int_p1_m130[2] = 1.4997 ± 0.0000
a2_int_p1_m130[3] = 1.4983 ± 0.0000
a2_int_p1_m130[4] = 1.4993 ± 0.0000
N_int_p0_m120[0] = 4.4594 ± 0.0000
N_int_p0_m120[1] = 4.4585 ± 0.0000
N_int_p0_m120[2] = 4.4616 ± 0.0000
N_int_p0_m120[3] = 4.4599 ± 0.0000
N_int_p0_m120[4] = 4.4601 ± 0.0000
N_int_p1_m120[0] = 0.1000 ± 0.0000
N_int_p1_m120[1] = 0.1000 ± 0.0000
N_int_p1_m120[2] = 0.1000 ± 0.0000
N_int_p1_m120[3] = 0.1000 ± 0.0000
N_int_p1_m120[4] = 0.0999 ± 0.0000
N_int_p0_m125[0] = 4.3821 ± 0.0000
N_int_p0_m125[1] = 4.3845 ± 0.0000
N_int_p0_m125[2] = 4.3827 ± 0.0000
N_int_p0_m125[3] = 4.3795 ± 0.0000
N_int_p0_m125[4] = 4.3826 ± 0.0000
N_int_p1_m125[0] = 0.1000 ± 0.0000
N_int_p1_m125[1] = 0.1000 ± 0.0000
N_int_p1_m125[2] = 0.0999 ± 0.0000
N_int_p1_m125[3] = 0.1000 ± 0.0000
N_int_p1_m125[4] = 0.1000 ± 0.0000
N_int_p0_m130[0] = 4.2647 ± 0.0000
N_int_p0_m130[1] = 4.2721 ± 0.0000
N_int_p0_m130[2] = 4.2722 ± 0.0000
N_int_p0_m130[3] = 4.2699 ± 0.0000
N_int_p0_m130[4] = 4.2677 ± 0.0000
N_int_p1_m130[0] = 0.1000 ± 0.0000
N_int_p1_m130[1] = 0.1000 ± 0.0000
N_int_p1_m130[2] = 0.1000 ± 0.0000
N_int_p1_m130[3] = 0.0999 ± 0.0000
N_int_p1_m130[4] = 0.0999 ± 0.0000
