CATEGORY 1
initializing Minuit...
performing minimization...
W SimplexBuilder Simplex did not converge, edm > minedm
W VariableMetricBuilder No improvement in line search
W VariableMetricBuilder Iterations finish without convergence; Edm 2.48201 Requested 0.0002
W VariableMetricBuilder No convergence; Edm 2.37012 is above tolerance 0.002
W SimplexBuilder Simplex did not converge, edm > minedm
W MnHesse 2nd derivative zero for parameter alpha_p1_m125 ; MnHesse fails and will return diagonal matrix
W VariableMetricBuilder No improvement in line search
W VariableMetricBuilder Iterations finish without convergence; Edm 4.1025 Requested 0.0002
W MnHesse 2nd derivative zero for parameter alpha_p1_m125 ; MnHesse fails and will return diagonal matrix
W VariableMetricBuilder Invalid Hessian - exit the minimization
W VariableMetricBuilder No convergence; Edm 1.02562 is above tolerance 0.002
W SimplexBuilder Simplex did not converge, edm > minedm
W MnHesse 2nd derivative zero for parameter alpha_p1_m125 ; MnHesse fails and will return diagonal matrix
W VariableMetricBuilder No improvement in line search
W VariableMetricBuilder Iterations finish without convergence; Edm 4.10414 Requested 0.0002
W MnHesse 2nd derivative zero for parameter alpha_p1_m125 ; MnHesse fails and will return diagonal matrix
W VariableMetricBuilder Invalid Hessian - exit the minimization
W VariableMetricBuilder No convergence; Edm 1.02604 is above tolerance 0.002
W SimplexBuilder Simplex did not converge, edm > minedm
W MnHesse 2nd derivative zero for parameter alpha_p1_m125 ; MnHesse fails and will return diagonal matrix
W VariableMetricBuilder No improvement in line search
W VariableMetricBuilder Iterations finish without convergence; Edm 4.09655 Requested 0.0002
W MnHesse 2nd derivative zero for parameter alpha_p1_m125 ; MnHesse fails and will return diagonal matrix
W VariableMetricBuilder Invalid Hessian - exit the minimization
W VariableMetricBuilder No convergence; Edm 1.02414 is above tolerance 0.002
W SimplexBuilder Simplex did not converge, edm > minedm
W MnHesse 2nd derivative zero for parameter alpha_p1_m125 ; MnHesse fails and will return diagonal matrix
W VariableMetricBuilder No improvement in line search
W VariableMetricBuilder Iterations finish without convergence; Edm 4.00337 Requested 0.0002
W MnHesse 2nd derivative zero for parameter alpha_p1_m125 ; MnHesse fails and will return diagonal matrix
W VariableMetricBuilder Invalid Hessian - exit the minimization
W VariableMetricBuilder No convergence; Edm 1.00084 is above tolerance 0.002
W MnHesse 2nd derivative zero for parameter alpha_p1_m125 ; MnHesse fails and will return diagonal matrix
W VariableMetricBuilder Invalid Hessian - exit the minimization
W MnHesse 2nd derivative zero for parameter alpha_p1_m125 ; MnHesse fails and will return diagonal matrix
W MnHesse 2nd derivative zero for parameter alpha_p1_m125 ; MnHesse fails and will return diagonal matrix
W VariableMetricBuilder Invalid Hessian - exit the minimization
W MnHesse 2nd derivative zero for parameter alpha_p1_m125 ; MnHesse fails and will return diagonal matrix
W MnHesse 2nd derivative zero for parameter alpha_p1_m125 ; MnHesse fails and will return diagonal matrix
W VariableMetricBuilder Invalid Hessian - exit the minimization
W MnHesse 2nd derivative zero for parameter alpha_p1_m125 ; MnHesse fails and will return diagonal matrix
W MnHesse 2nd derivative zero for parameter alpha_p1_m125 ; MnHesse fails and will return diagonal matrix
W VariableMetricBuilder Invalid Hessian - exit the minimization
W MnHesse 2nd derivative zero for parameter alpha_p1_m125 ; MnHesse fails and will return diagonal matrix
W MnHesse 2nd derivative zero for parameter alpha_p1_m125 ; MnHesse fails and will return diagonal matrix
W VariableMetricBuilder Invalid Hessian - exit the minimization
Fitted parameters:
alpha_p0_m120 = -0.1767 ± 0.0000
alpha_p1_m120 = -0.0071 ± 0.0000
alpha_p0_m125 = -0.1455 ± 0.0000
alpha_p1_m125 = -0.0000 ± 0.0000
alpha_p0_m130 = -0.0071 ± 0.0000
alpha_p1_m130 = -0.0334 ± 0.0000
m_p0_m120 = 124.8020 ± 0.0000
m_p1_m120 = 0.0009 ± 0.0000
m_p0_m125 = 124.7910 ± 0.0000
m_p1_m125 = 0.0999 ± 0.0000
m_p0_m130 = 124.2813 ± 0.0000
m_p1_m130 = 0.0995 ± 0.0000
sigma_p0_m120 = 1.9999 ± 0.0000
sigma_p1_m120 = 0.4999 ± 0.0000
sigma_p0_m125 = 1.9999 ± 0.0000
sigma_p1_m125 = 0.4999 ± 0.0000
sigma_p0_m130 = 1.3384 ± 0.0000
sigma_p1_m130 = -0.0090 ± 0.0000
n1_p0_m120 = 50.0000 ± 0.0000
n1_p1_m120 = 1.5000 ± 0.0000
n1_p0_m125 = 50.0000 ± 0.0000
n1_p1_m125 = 1.5000 ± 0.0000
n1_p0_m130 = 50.0000 ± 0.0000
n1_p1_m130 = 1.5000 ± 0.0000
n2_p0_m120 = 50.0000 ± 0.0000
n2_p1_m120 = 1.5000 ± 0.0000
n2_p0_m125 = 50.0000 ± 0.0000
n2_p1_m125 = 1.5000 ± 0.0000
n2_p0_m130 = 50.0000 ± 0.0000
n2_p1_m130 = 1.5000 ± 0.0000
a1_p0_m120 = 20.0000 ± 0.0000
a1_p1_m120 = 1.5000 ± 0.0000
a1_p0_m125 = 20.0000 ± 0.0000
a1_p1_m125 = 1.5000 ± 0.0000
a1_p0_m130 = 20.0000 ± 0.0000
a1_p1_m130 = 1.5000 ± 0.0000
a2_p0_m120 = 50.0000 ± 0.0000
a2_p1_m120 = 1.5000 ± 0.0000
a2_p0_m125 = 50.0000 ± 0.0000
a2_p1_m125 = 1.5000 ± 0.0000
a2_p0_m130 = 50.0000 ± 0.0000
a2_p1_m130 = 1.5000 ± 0.0000
N_p0_m120 = 6.7616 ± 0.0000
N_p1_m120 = 0.0999 ± 0.0000
N_p0_m125 = 6.7616 ± 0.0000
N_p1_m125 = 0.0999 ± 0.0000
N_p0_m130 = 5.5738 ± 0.0000
N_p1_m130 = -0.1000 ± 0.0000
sigma_int_p0_m120[0] = 1.2879 ± 0.0000
sigma_int_p0_m120[1] = 1.2953 ± 0.0000
sigma_int_p0_m120[2] = 1.2881 ± 0.0000
sigma_int_p0_m120[3] = 1.3114 ± 0.0000
sigma_int_p0_m120[4] = 1.3563 ± 0.0000
sigma_int_p1_m120[0] = -0.0000 ± 0.0000
sigma_int_p1_m120[1] = -0.0000 ± 0.0000
sigma_int_p1_m120[2] = -0.0077 ± 0.0000
sigma_int_p1_m120[3] = -0.0110 ± 0.0000
sigma_int_p1_m120[4] = -0.0110 ± 0.0000
sigma_int_p0_m125[0] = 0.4500 ± 0.0000
sigma_int_p0_m125[1] = 0.4500 ± 0.0000
sigma_int_p0_m125[2] = 0.4500 ± 0.0000
sigma_int_p0_m125[3] = 0.4500 ± 0.0000
sigma_int_p0_m125[4] = 1.9999 ± 0.0000
sigma_int_p1_m125[0] = 0.1100 ± 0.0000
sigma_int_p1_m125[1] = 0.1100 ± 0.0000
sigma_int_p1_m125[2] = 0.1000 ± 0.0000
sigma_int_p1_m125[3] = 0.1000 ± 0.0000
sigma_int_p1_m125[4] = 0.1000 ± 0.0000
sigma_int_p0_m130[0] = 1.9999 ± 0.0000
sigma_int_p0_m130[1] = 1.9999 ± 0.0000
sigma_int_p0_m130[2] = 1.9999 ± 0.0000
sigma_int_p0_m130[3] = 1.9999 ± 0.0000
sigma_int_p0_m130[4] = 1.9999 ± 0.0000
sigma_int_p1_m130[0] = 0.1100 ± 0.0000
sigma_int_p1_m130[1] = 0.1100 ± 0.0000
sigma_int_p1_m130[2] = 0.1000 ± 0.0000
sigma_int_p1_m130[3] = 0.1000 ± 0.0000
sigma_int_p1_m130[4] = 0.1000 ± 0.0000
n1_int_p0_m120[0] = 50.0000 ± 0.0000
n1_int_p0_m120[1] = 50.0000 ± 0.0000
n1_int_p0_m120[2] = 50.0000 ± 0.0000
n1_int_p0_m120[3] = 50.0000 ± 0.0000
n1_int_p0_m120[4] = 50.0000 ± 0.0000
n1_int_p1_m120[0] = 1.6500 ± 0.0000
n1_int_p1_m120[1] = 1.6500 ± 0.0000
n1_int_p1_m120[2] = 1.5000 ± 0.0000
n1_int_p1_m120[3] = 1.5000 ± 0.0000
n1_int_p1_m120[4] = 1.5000 ± 0.0000
n1_int_p0_m125[0] = 50.0000 ± 0.0000
n1_int_p0_m125[1] = 50.0000 ± 0.0000
n1_int_p0_m125[2] = 50.0000 ± 0.0000
n1_int_p0_m125[3] = 50.0000 ± 0.0000
n1_int_p0_m125[4] = 50.0000 ± 0.0000
n1_int_p1_m125[0] = 1.6500 ± 0.0000
n1_int_p1_m125[1] = 1.6500 ± 0.0000
n1_int_p1_m125[2] = 1.5000 ± 0.0000
n1_int_p1_m125[3] = 1.5000 ± 0.0000
n1_int_p1_m125[4] = 1.5000 ± 0.0000
n1_int_p0_m130[0] = 0.9013 ± 0.0000
n1_int_p0_m130[1] = 0.9003 ± 0.0000
n1_int_p0_m130[2] = 4.9566 ± 0.0000
n1_int_p0_m130[3] = 4.8573 ± 0.0000
n1_int_p0_m130[4] = 4.6356 ± 0.0000
n1_int_p1_m130[0] = -0.8624 ± 0.0000
n1_int_p1_m130[1] = -0.8492 ± 0.0000
n1_int_p1_m130[2] = -0.0160 ± 0.0000
n1_int_p1_m130[3] = 0.0018 ± 0.0000
n1_int_p1_m130[4] = -0.0176 ± 0.0000
n2_int_p0_m120[0] = 0.7759 ± 0.0000
n2_int_p0_m120[1] = 0.7881 ± 0.0000
n2_int_p0_m120[2] = 0.6249 ± 0.0000
n2_int_p0_m120[3] = 0.6147 ± 0.0000
n2_int_p0_m120[4] = 199.9999 ± 0.0000
n2_int_p1_m120[0] = 1.5000 ± 0.0000
n2_int_p1_m120[1] = 1.5000 ± 0.0000
n2_int_p1_m120[2] = 1.5000 ± 0.0000
n2_int_p1_m120[3] = 1.5000 ± 0.0000
n2_int_p1_m120[4] = 1.5000 ± 0.0000
n2_int_p0_m125[0] = 2019.9999 ± 0.0000
n2_int_p0_m125[1] = 2019.9999 ± 0.0000
n2_int_p0_m125[2] = 2019.9999 ± 0.0000
n2_int_p0_m125[3] = 2019.9999 ± 0.0000
n2_int_p0_m125[4] = 2019.9999 ± 0.0000
n2_int_p1_m125[0] = 1.5000 ± 0.0000
n2_int_p1_m125[1] = 1.5000 ± 0.0000
n2_int_p1_m125[2] = 1.5000 ± 0.0000
n2_int_p1_m125[3] = 1.5000 ± 0.0000
n2_int_p1_m125[4] = 1.5000 ± 0.0000
n2_int_p0_m130[0] = 199.9999 ± 0.0000
n2_int_p0_m130[1] = 199.9999 ± 0.0000
n2_int_p0_m130[2] = 199.9999 ± 0.0000
n2_int_p0_m130[3] = 199.9999 ± 0.0000
n2_int_p0_m130[4] = 199.9999 ± 0.0000
n2_int_p1_m130[0] = 1.5000 ± 0.0000
n2_int_p1_m130[1] = 1.5000 ± 0.0000
n2_int_p1_m130[2] = 1.5000 ± 0.0000
n2_int_p1_m130[3] = 1.5000 ± 0.0000
n2_int_p1_m130[4] = 1.5000 ± 0.0000
a1_int_p0_m120[0] = 20.0000 ± 0.0000
a1_int_p0_m120[1] = 20.0000 ± 0.0000
a1_int_p0_m120[2] = 20.0000 ± 0.0000
a1_int_p0_m120[3] = 20.0000 ± 0.0000
a1_int_p0_m120[4] = 20.0000 ± 0.0000
a1_int_p1_m120[0] = 1.5000 ± 0.0000
a1_int_p1_m120[1] = 1.5000 ± 0.0000
a1_int_p1_m120[2] = 1.5000 ± 0.0000
a1_int_p1_m120[3] = 1.5000 ± 0.0000
a1_int_p1_m120[4] = 1.5000 ± 0.0000
a1_int_p0_m125[0] = 20.0000 ± 0.0000
a1_int_p0_m125[1] = 20.0000 ± 0.0000
a1_int_p0_m125[2] = 20.0000 ± 0.0000
a1_int_p0_m125[3] = 20.0000 ± 0.0000
a1_int_p0_m125[4] = 20.0000 ± 0.0000
a1_int_p1_m125[0] = 1.5000 ± 0.0000
a1_int_p1_m125[1] = 1.5000 ± 0.0000
a1_int_p1_m125[2] = 1.5000 ± 0.0000
a1_int_p1_m125[3] = 1.5000 ± 0.0000
a1_int_p1_m125[4] = 1.5000 ± 0.0000
a1_int_p0_m130[0] = 20.0000 ± 0.0000
a1_int_p0_m130[1] = 20.0000 ± 0.0000
a1_int_p0_m130[2] = 20.0000 ± 0.0000
a1_int_p0_m130[3] = 20.0000 ± 0.0000
a1_int_p0_m130[4] = 20.0000 ± 0.0000
a1_int_p1_m130[0] = 1.5000 ± 0.0000
a1_int_p1_m130[1] = 1.5000 ± 0.0000
a1_int_p1_m130[2] = 1.5000 ± 0.0000
a1_int_p1_m130[3] = 1.5000 ± 0.0000
a1_int_p1_m130[4] = 1.5000 ± 0.0000
a2_int_p0_m120[0] = 50.0000 ± 0.0000
a2_int_p0_m120[1] = 50.0000 ± 0.0000
a2_int_p0_m120[2] = 50.0000 ± 0.0000
a2_int_p0_m120[3] = 50.0000 ± 0.0000
a2_int_p0_m120[4] = 50.0000 ± 0.0000
a2_int_p1_m120[0] = 1.5000 ± 0.0000
a2_int_p1_m120[1] = 1.5000 ± 0.0000
a2_int_p1_m120[2] = 1.5000 ± 0.0000
a2_int_p1_m120[3] = 1.5000 ± 0.0000
a2_int_p1_m120[4] = 1.5000 ± 0.0000
a2_int_p0_m125[0] = 50.0000 ± 0.0000
a2_int_p0_m125[1] = 50.0000 ± 0.0000
a2_int_p0_m125[2] = 50.0000 ± 0.0000
a2_int_p0_m125[3] = 50.0000 ± 0.0000
a2_int_p0_m125[4] = 50.0000 ± 0.0000
a2_int_p1_m125[0] = 1.5000 ± 0.0000
a2_int_p1_m125[1] = 1.5000 ± 0.0000
a2_int_p1_m125[2] = 1.5000 ± 0.0000
a2_int_p1_m125[3] = 1.5000 ± 0.0000
a2_int_p1_m125[4] = 1.5000 ± 0.0000
a2_int_p0_m130[0] = 50.0000 ± 0.0000
a2_int_p0_m130[1] = 50.0000 ± 0.0000
a2_int_p0_m130[2] = 50.0000 ± 0.0000
a2_int_p0_m130[3] = 50.0000 ± 0.0000
a2_int_p0_m130[4] = 50.0000 ± 0.0000
a2_int_p1_m130[0] = 1.5000 ± 0.0000
a2_int_p1_m130[1] = 1.5000 ± 0.0000
a2_int_p1_m130[2] = 1.5000 ± 0.0000
a2_int_p1_m130[3] = 1.5000 ± 0.0000
a2_int_p1_m130[4] = 1.5000 ± 0.0000
N_int_p0_m120[0] = 7.1182 ± 0.0000
N_int_p0_m120[1] = 7.1182 ± 0.0000
N_int_p0_m120[2] = 7.1182 ± 0.0000
N_int_p0_m120[3] = 7.1182 ± 0.0000
N_int_p0_m120[4] = 7.1182 ± 0.0000
N_int_p1_m120[0] = 0.0999 ± 0.0000
N_int_p1_m120[1] = 0.0999 ± 0.0000
N_int_p1_m120[2] = 0.0999 ± 0.0000
N_int_p1_m120[3] = 0.0999 ± 0.0000
N_int_p1_m120[4] = 0.0999 ± 0.0000
N_int_p0_m125[0] = 6.8292 ± 0.0000
N_int_p0_m125[1] = 6.8292 ± 0.0000
N_int_p0_m125[2] = 6.8292 ± 0.0000
N_int_p0_m125[3] = 6.8292 ± 0.0000
N_int_p0_m125[4] = 6.8292 ± 0.0000
N_int_p1_m125[0] = 0.0999 ± 0.0000
N_int_p1_m125[1] = 0.0999 ± 0.0000
N_int_p1_m125[2] = 0.0999 ± 0.0000
N_int_p1_m125[3] = 0.0999 ± 0.0000
N_int_p1_m125[4] = 0.0999 ± 0.0000
N_int_p0_m130[0] = 6.3673 ± 0.0000
N_int_p0_m130[1] = 6.3673 ± 0.0000
N_int_p0_m130[2] = 6.3673 ± 0.0000
N_int_p0_m130[3] = 6.3673 ± 0.0000
N_int_p0_m130[4] = 6.3673 ± 0.0000
N_int_p1_m130[0] = 0.0999 ± 0.0000
N_int_p1_m130[1] = 0.0999 ± 0.0000
N_int_p1_m130[2] = 0.0999 ± 0.0000
N_int_p1_m130[3] = 0.0999 ± 0.0000
N_int_p1_m130[4] = 0.0999 ± 0.0000
